<?xml version="1.0" encoding="UTF-8"?>
<testsuite xmlns:xsi="http://www.w3.org/2001/XMLSchema-instance" xsi:noNamespaceSchemaLocation="https://maven.apache.org/surefire/maven-surefire-plugin/xsd/surefire-test-report.xsd" version="3.0.2" name="PaymentTest" time="1.408" tests="20" errors="0" skipped="0" failures="0">
  <properties>
    <property name="java.specification.version" value="21"/>
    <property name="sun.cpu.isalist" value="amd64"/>
    <property name="sun.jnu.encoding" value="Cp1258"/>
    <property name="java.class.path" value="E:\OneDrive\Documents\NetBeansProjects\QuanLyKhoaHoc1\QuanLyKhoaHoc\target\test-classes;C:\Users\Nhat&apos;s Laptop\.m2\repository\org\junit\jupiter\junit-jupiter\5.11.0\junit-jupiter-5.11.0.jar;C:\Users\Nhat&apos;s Laptop\.m2\repository\org\junit\jupiter\junit-jupiter-api\5.11.0\junit-jupiter-api-5.11.0.jar;C:\Users\Nhat&apos;s Laptop\.m2\repository\org\opentest4j\opentest4j\1.3.0\opentest4j-1.3.0.jar;C:\Users\Nhat&apos;s Laptop\.m2\repository\org\junit\platform\junit-platform-commons\1.11.0\junit-platform-commons-1.11.0.jar;C:\Users\Nhat&apos;s Laptop\.m2\repository\org\apiguardian\apiguardian-api\1.1.2\apiguardian-api-1.1.2.jar;C:\Users\Nhat&apos;s Laptop\.m2\repository\org\junit\jupiter\junit-jupiter-params\5.11.0\junit-jupiter-params-5.11.0.jar;C:\Users\Nhat&apos;s Laptop\.m2\repository\org\junit\jupiter\junit-jupiter-engine\5.11.0\junit-jupiter-engine-5.11.0.jar;C:\Users\Nhat&apos;s Laptop\.m2\repository\org\junit\platform\junit-platform-engine\1.11.0\junit-platform-engine-1.11.0.jar;C:\Users\Nhat&apos;s Laptop\.m2\repository\net\bytebuddy\byte-buddy\1.14.15\byte-buddy-1.14.15.jar;C:\Users\Nhat&apos;s Laptop\.m2\repository\org\mockito\mockito-junit-jupiter\5.12.0\mockito-junit-jupiter-5.12.0.jar;C:\Users\Nhat&apos;s Laptop\.m2\repository\org\mockito\mockito-core\5.12.0\mockito-core-5.12.0.jar;C:\Users\Nhat&apos;s Laptop\.m2\repository\net\bytebuddy\byte-buddy-agent\1.14.15\byte-buddy-agent-1.14.15.jar;C:\Users\Nhat&apos;s Laptop\.m2\repository\org\objenesis\objenesis\3.3\objenesis-3.3.jar;C:\Users\Nhat&apos;s Laptop\.m2\repository\org\mockito\mockito-inline\5.2.0\mockito-inline-5.2.0.jar;C:\Users\Nhat&apos;s Laptop\.m2\repository\org\openjfx\javafx-controls\21\javafx-controls-21.jar;C:\Users\Nhat&apos;s Laptop\.m2\repository\org\openjfx\javafx-fxml\21\javafx-fxml-21.jar;C:\Users\Nhat&apos;s Laptop\.m2\repository\org\openjfx\javafx-graphics\21\javafx-graphics-21.jar;C:\Users\Nhat&apos;s Laptop\.m2\repository\org\openjfx\javafx-base\21\javafx-base-21.jar;C:\Users\Nhat&apos;s Laptop\.m2\repository\org\slf4j\slf4j-api\2.0.13\slf4j-api-2.0.13.jar;C:\Users\Nhat&apos;s Laptop\.m2\repository\org\slf4j\slf4j-simple\2.0.13\slf4j-simple-2.0.13.jar;C:\Users\Nhat&apos;s Laptop\.m2\repository\org\testfx\testfx-core\4.0.18\testfx-core-4.0.18.jar;C:\Users\Nhat&apos;s Laptop\.m2\repository\org\hamcrest\hamcrest\2.1\hamcrest-2.1.jar;C:\Users\Nhat&apos;s Laptop\.m2\repository\org\assertj\assertj-core\3.13.2\assertj-core-3.13.2.jar;C:\Users\Nhat&apos;s Laptop\.m2\repository\org\osgi\org.osgi.core\6.0.0\org.osgi.core-6.0.0.jar;C:\Users\Nhat&apos;s Laptop\.m2\repository\org\testfx\testfx-junit5\4.0.18\testfx-junit5-4.0.18.jar;C:\Users\Nhat&apos;s Laptop\.m2\repository\com\mysql\mysql-connector-j\9.0.0\mysql-connector-j-9.0.0.jar;C:\Users\Nhat&apos;s Laptop\.m2\repository\com\google\protobuf\protobuf-java\4.26.1\protobuf-java-4.26.1.jar;"/>
    <property name="java.vm.vendor" value="Oracle Corporation"/>
    <property name="sun.arch.data.model" value="64"/>
    <property name="user.variant" value=""/>
    <property name="java.vendor.url" value="https://java.oracle.com/"/>
    <property name="user.timezone" value="Asia/Saigon"/>
    <property name="user.country.format" value="VN"/>
    <property name="os.name" value="Windows 11"/>
    <property name="java.vm.specification.version" value="21"/>
    <property name="user.country" value="US"/>
    <property name="sun.java.launcher" value="SUN_STANDARD"/>
    <property name="sun.boot.library.path" value="C:\Program Files\Java\jdk-21\bin"/>
    <property name="sun.java.command" value="org.apache.maven.surefire.booter.ForkedBooter C:\Users\Nhat&apos;s Laptop\AppData\Local\Temp\surefire3567003881411908125 2025-04-25T23-26-45_520-jvmRun1 surefire-20250425232646030_1tmp surefire_0-20250425232646030_2tmp"/>
    <property name="jdk.debug" value="release"/>
    <property name="test" value="PaymentTest"/>
    <property name="surefire.test.class.path" value="E:\OneDrive\Documents\NetBeansProjects\QuanLyKhoaHoc1\QuanLyKhoaHoc\target\test-classes;C:\Users\Nhat&apos;s Laptop\.m2\repository\org\junit\jupiter\junit-jupiter\5.11.0\junit-jupiter-5.11.0.jar;C:\Users\Nhat&apos;s Laptop\.m2\repository\org\junit\jupiter\junit-jupiter-api\5.11.0\junit-jupiter-api-5.11.0.jar;C:\Users\Nhat&apos;s Laptop\.m2\repository\org\opentest4j\opentest4j\1.3.0\opentest4j-1.3.0.jar;C:\Users\Nhat&apos;s Laptop\.m2\repository\org\junit\platform\junit-platform-commons\1.11.0\junit-platform-commons-1.11.0.jar;C:\Users\Nhat&apos;s Laptop\.m2\repository\org\apiguardian\apiguardian-api\1.1.2\apiguardian-api-1.1.2.jar;C:\Users\Nhat&apos;s Laptop\.m2\repository\org\junit\jupiter\junit-jupiter-params\5.11.0\junit-jupiter-params-5.11.0.jar;C:\Users\Nhat&apos;s Laptop\.m2\repository\org\junit\jupiter\junit-jupiter-engine\5.11.0\junit-jupiter-engine-5.11.0.jar;C:\Users\Nhat&apos;s Laptop\.m2\repository\org\junit\platform\junit-platform-engine\1.11.0\junit-platform-engine-1.11.0.jar;C:\Users\Nhat&apos;s Laptop\.m2\repository\net\bytebuddy\byte-buddy\1.14.15\byte-buddy-1.14.15.jar;C:\Users\Nhat&apos;s Laptop\.m2\repository\org\mockito\mockito-junit-jupiter\5.12.0\mockito-junit-jupiter-5.12.0.jar;C:\Users\Nhat&apos;s Laptop\.m2\repository\org\mockito\mockito-core\5.12.0\mockito-core-5.12.0.jar;C:\Users\Nhat&apos;s Laptop\.m2\repository\net\bytebuddy\byte-buddy-agent\1.14.15\byte-buddy-agent-1.14.15.jar;C:\Users\Nhat&apos;s Laptop\.m2\repository\org\objenesis\objenesis\3.3\objenesis-3.3.jar;C:\Users\Nhat&apos;s Laptop\.m2\repository\org\mockito\mockito-inline\5.2.0\mockito-inline-5.2.0.jar;C:\Users\Nhat&apos;s Laptop\.m2\repository\org\openjfx\javafx-controls\21\javafx-controls-21.jar;C:\Users\Nhat&apos;s Laptop\.m2\repository\org\openjfx\javafx-fxml\21\javafx-fxml-21.jar;C:\Users\Nhat&apos;s Laptop\.m2\repository\org\openjfx\javafx-graphics\21\javafx-graphics-21.jar;C:\Users\Nhat&apos;s Laptop\.m2\repository\org\openjfx\javafx-base\21\javafx-base-21.jar;C:\Users\Nhat&apos;s Laptop\.m2\repository\org\slf4j\slf4j-api\2.0.13\slf4j-api-2.0.13.jar;C:\Users\Nhat&apos;s Laptop\.m2\repository\org\slf4j\slf4j-simple\2.0.13\slf4j-simple-2.0.13.jar;C:\Users\Nhat&apos;s Laptop\.m2\repository\org\testfx\testfx-core\4.0.18\testfx-core-4.0.18.jar;C:\Users\Nhat&apos;s Laptop\.m2\repository\org\hamcrest\hamcrest\2.1\hamcrest-2.1.jar;C:\Users\Nhat&apos;s Laptop\.m2\repository\org\assertj\assertj-core\3.13.2\assertj-core-3.13.2.jar;C:\Users\Nhat&apos;s Laptop\.m2\repository\org\osgi\org.osgi.core\6.0.0\org.osgi.core-6.0.0.jar;C:\Users\Nhat&apos;s Laptop\.m2\repository\org\testfx\testfx-junit5\4.0.18\testfx-junit5-4.0.18.jar;C:\Users\Nhat&apos;s Laptop\.m2\repository\com\mysql\mysql-connector-j\9.0.0\mysql-connector-j-9.0.0.jar;C:\Users\Nhat&apos;s Laptop\.m2\repository\com\google\protobuf\protobuf-java\4.26.1\protobuf-java-4.26.1.jar;"/>
    <property name="sun.cpu.endian" value="little"/>
    <property name="user.home" value="C:\Users\Nhat&apos;s Laptop"/>
    <property name="user.language" value="en"/>
    <property name="java.specification.vendor" value="Oracle Corporation"/>
    <property name="jdk.module.path" value="E:\OneDrive\Documents\NetBeansProjects\QuanLyKhoaHoc1\QuanLyKhoaHoc\target\classes;C:\Users\Nhat&apos;s Laptop\.m2\repository\org\openjfx\javafx-controls\21\javafx-controls-21-win.jar;C:\Users\Nhat&apos;s Laptop\.m2\repository\org\openjfx\javafx-fxml\21\javafx-fxml-21-win.jar;C:\Users\Nhat&apos;s Laptop\.m2\repository\org\openjfx\javafx-graphics\21\javafx-graphics-21-win.jar;C:\Users\Nhat&apos;s Laptop\.m2\repository\org\openjfx\javafx-base\21\javafx-base-21-win.jar;C:\Users\Nhat&apos;s Laptop\.m2\repository\com\sun\mail\jakarta.mail\2.0.1\jakarta.mail-2.0.1.jar;C:\Users\Nhat&apos;s Laptop\.m2\repository\com\sun\activation\jakarta.activation\2.0.1\jakarta.activation-2.0.1.jar;C:\Users\Nhat&apos;s Laptop\.m2\repository\org\mindrot\jbcrypt\0.4\jbcrypt-0.4.jar"/>
    <property name="java.version.date" value="2025-01-21"/>
    <property name="java.home" value="C:\Program Files\Java\jdk-21"/>
    <property name="file.separator" value="\"/>
    <property name="basedir" value="E:\OneDrive\Documents\NetBeansProjects\QuanLyKhoaHoc1\QuanLyKhoaHoc"/>
    <property name="java.vm.compressedOopsMode" value="Zero based"/>
    <property name="line.separator" value="&#10;"/>
    <property name="java.vm.specification.vendor" value="Oracle Corporation"/>
    <property name="java.specification.name" value="Java Platform API Specification"/>
    <property name="surefire.real.class.path" value="C:\Users\Nhat&apos;s Laptop\.m2\repository\org\apache\maven\surefire\surefire-booter\3.5.0\surefire-booter-3.5.0.jar;C:\Users\Nhat&apos;s Laptop\.m2\repository\org\apache\maven\surefire\surefire-api\3.5.0\surefire-api-3.5.0.jar;C:\Users\Nhat&apos;s Laptop\.m2\repository\org\apache\maven\surefire\surefire-extensions-spi\3.5.0\surefire-extensions-spi-3.5.0.jar;C:\Users\Nhat&apos;s Laptop\.m2\repository\org\apache\maven\surefire\surefire-shared-utils\3.5.0\surefire-shared-utils-3.5.0.jar;C:\Users\Nhat&apos;s Laptop\.m2\repository\org\apache\maven\surefire\surefire-logger-api\3.5.0\surefire-logger-api-3.5.0.jar;E:\OneDrive\Documents\NetBeansProjects\QuanLyKhoaHoc1\QuanLyKhoaHoc\target\test-classes;C:\Users\Nhat&apos;s Laptop\.m2\repository\org\junit\jupiter\junit-jupiter\5.11.0\junit-jupiter-5.11.0.jar;C:\Users\Nhat&apos;s Laptop\.m2\repository\org\junit\jupiter\junit-jupiter-api\5.11.0\junit-jupiter-api-5.11.0.jar;C:\Users\Nhat&apos;s Laptop\.m2\repository\org\opentest4j\opentest4j\1.3.0\opentest4j-1.3.0.jar;C:\Users\Nhat&apos;s Laptop\.m2\repository\org\junit\platform\junit-platform-commons\1.11.0\junit-platform-commons-1.11.0.jar;C:\Users\Nhat&apos;s Laptop\.m2\repository\org\apiguardian\apiguardian-api\1.1.2\apiguardian-api-1.1.2.jar;C:\Users\Nhat&apos;s Laptop\.m2\repository\org\junit\jupiter\junit-jupiter-params\5.11.0\junit-jupiter-params-5.11.0.jar;C:\Users\Nhat&apos;s Laptop\.m2\repository\org\junit\jupiter\junit-jupiter-engine\5.11.0\junit-jupiter-engine-5.11.0.jar;C:\Users\Nhat&apos;s Laptop\.m2\repository\org\junit\platform\junit-platform-engine\1.11.0\junit-platform-engine-1.11.0.jar;C:\Users\Nhat&apos;s Laptop\.m2\repository\net\bytebuddy\byte-buddy\1.14.15\byte-buddy-1.14.15.jar;C:\Users\Nhat&apos;s Laptop\.m2\repository\org\mockito\mockito-junit-jupiter\5.12.0\mockito-junit-jupiter-5.12.0.jar;C:\Users\Nhat&apos;s Laptop\.m2\repository\org\mockito\mockito-core\5.12.0\mockito-core-5.12.0.jar;C:\Users\Nhat&apos;s Laptop\.m2\repository\net\bytebuddy\byte-buddy-agent\1.14.15\byte-buddy-agent-1.14.15.jar;C:\Users\Nhat&apos;s Laptop\.m2\repository\org\objenesis\objenesis\3.3\objenesis-3.3.jar;C:\Users\Nhat&apos;s Laptop\.m2\repository\org\mockito\mockito-inline\5.2.0\mockito-inline-5.2.0.jar;C:\Users\Nhat&apos;s Laptop\.m2\repository\org\openjfx\javafx-controls\21\javafx-controls-21.jar;C:\Users\Nhat&apos;s Laptop\.m2\repository\org\openjfx\javafx-fxml\21\javafx-fxml-21.jar;C:\Users\Nhat&apos;s Laptop\.m2\repository\org\openjfx\javafx-graphics\21\javafx-graphics-21.jar;C:\Users\Nhat&apos;s Laptop\.m2\repository\org\openjfx\javafx-base\21\javafx-base-21.jar;C:\Users\Nhat&apos;s Laptop\.m2\repository\org\slf4j\slf4j-api\2.0.13\slf4j-api-2.0.13.jar;C:\Users\Nhat&apos;s Laptop\.m2\repository\org\slf4j\slf4j-simple\2.0.13\slf4j-simple-2.0.13.jar;C:\Users\Nhat&apos;s Laptop\.m2\repository\org\testfx\testfx-core\4.0.18\testfx-core-4.0.18.jar;C:\Users\Nhat&apos;s Laptop\.m2\repository\org\hamcrest\hamcrest\2.1\hamcrest-2.1.jar;C:\Users\Nhat&apos;s Laptop\.m2\repository\org\assertj\assertj-core\3.13.2\assertj-core-3.13.2.jar;C:\Users\Nhat&apos;s Laptop\.m2\repository\org\osgi\org.osgi.core\6.0.0\org.osgi.core-6.0.0.jar;C:\Users\Nhat&apos;s Laptop\.m2\repository\org\testfx\testfx-junit5\4.0.18\testfx-junit5-4.0.18.jar;C:\Users\Nhat&apos;s Laptop\.m2\repository\com\mysql\mysql-connector-j\9.0.0\mysql-connector-j-9.0.0.jar;C:\Users\Nhat&apos;s Laptop\.m2\repository\com\google\protobuf\protobuf-java\4.26.1\protobuf-java-4.26.1.jar;C:\Users\Nhat&apos;s Laptop\.m2\repository\org\apache\maven\surefire\surefire-junit-platform\3.5.0\surefire-junit-platform-3.5.0.jar;C:\Users\Nhat&apos;s Laptop\.m2\repository\org\apache\maven\surefire\common-java5\3.5.0\common-java5-3.5.0.jar;C:\Users\Nhat&apos;s Laptop\.m2\repository\org\junit\platform\junit-platform-launcher\1.11.0\junit-platform-launcher-1.11.0.jar"/>
    <property name="user.script" value=""/>
    <property name="sun.management.compiler" value="HotSpot 64-Bit Tiered Compilers"/>
    <property name="java.runtime.version" value="21.0.6+8-LTS-188"/>
    <property name="user.name" value="Thanh Nhat"/>
    <property name="stdout.encoding" value="Cp1258"/>
    <property name="path.separator" value=";"/>
    <property name="os.version" value="10.0"/>
    <property name="java.runtime.name" value="Java(TM) SE Runtime Environment"/>
    <property name="file.encoding" value="UTF-8"/>
    <property name="java.vm.name" value="Java HotSpot(TM) 64-Bit Server VM"/>
    <property name="maven.ext.class.path" value="C:\Program Files\NetBeans-25\netbeans\java\maven-nblib\netbeans-eventspy.jar"/>
    <property name="localRepository" value="C:\Users\Nhat&apos;s Laptop\.m2\repository"/>
    <property name="java.vendor.url.bug" value="https://bugreport.java.com/bugreport/"/>
    <property name="java.io.tmpdir" value="C:\Users\NHAT&apos;S~1\AppData\Local\Temp\"/>
    <property name="java.version" value="21.0.6"/>
    <property name="user.dir" value="E:\OneDrive\Documents\NetBeansProjects\QuanLyKhoaHoc1\QuanLyKhoaHoc"/>
    <property name="os.arch" value="amd64"/>
    <property name="java.vm.specification.name" value="Java Virtual Machine Specification"/>
    <property name="user.language.format" value="vi"/>
    <property name="sun.os.patch.level" value=""/>
    <property name="native.encoding" value="Cp1258"/>
    <property name="java.library.path" value="C:\Program Files\Java\jdk-21\bin;C:\WINDOWS\Sun\Java\bin;C:\WINDOWS\system32;C:\WINDOWS;C:\Program Files\Common Files\Oracle\Java\javapath;C:\Program Files\Microsoft MPI\Bin\;C:\Program Files (x86)\VMware\VMware Workstation\bin\;C:\Windows\system32;C:\Windows;C:\Windows\System32\Wbem;C:\Windows\System32\WindowsPowerShell\v1.0\;C:\Windows\System32\OpenSSH\;C:\Program Files (x86)\NVIDIA Corporation\PhysX\Common;C:\Program Files\NVIDIA Corporation\NVIDIA NvDLISR;C:\WINDOWS\system32;C:\WINDOWS;C:\WINDOWS\System32\Wbem;C:\WINDOWS\System32\WindowsPowerShell\v1.0\;C:\WINDOWS\System32\OpenSSH\;C:\Program Files\dotnet\;C:\Program Files (x86)\Windows Kits\10\Windows Performance Toolkit\;C:\Program Files (x86)\Microsoft SQL Server\160\Tools\Binn\;C:\Program Files\Microsoft SQL Server\160\Tools\Binn\;C:\Program Files\Microsoft SQL Server\Client SDK\ODBC\170\Tools\Binn\;C:\Program Files\Microsoft SQL Server\160\DTS\Binn\;C:\Program Files (x86)\Microsoft SQL Server\160\DTS\Binn\;E:\Git\cmd;C:\Program Files\OpenSSL-Win64\bin;C:\Program Files\nodejs\;C:\Program Files\apache-maven-3.9.9\bin;C:\Program Files\Java\jdk-21\bin;C:\Users\Nhat&apos;s Laptop\AppData\Local\Programs\Python\Python313\Scripts\;C:\Users\Nhat&apos;s Laptop\AppData\Local\Programs\Python\Python313\;C:\Users\FPTSHOP\AppData\Local\Programs\Python\Python311\Scripts\;C:\Users\FPTSHOP\AppData\Local\Programs\Python\Python311\;C:\Users\Nhat&apos;s Laptop\AppData\Local\Microsoft\WindowsApps;;E:\Microsoft VS Code\bin;C:\Users\Nhat&apos;s Laptop\.dotnet\tools;C:\Users\Nhat&apos;s Laptop\AppData\Roaming\npm;."/>
    <property name="java.vm.info" value="mixed mode"/>
    <property name="stderr.encoding" value="Cp1258"/>
    <property name="java.vendor" value="Oracle Corporation"/>
    <property name="java.vm.version" value="21.0.6+8-LTS-188"/>
    <property name="sun.io.unicode.encoding" value="UnicodeLittle"/>
    <property name="java.class.version" value="65.0"/>
  </properties>
  <testcase name="testGetPaymentByTransactionId_NotFound" classname="PaymentTest" time="1.267">
    <system-err><![CDATA[WARNING: A Java agent has been loaded dynamically (C:\Users\Nhat's Laptop\.m2\repository\net\bytebuddy\byte-buddy-agent\1.14.15\byte-buddy-agent-1.14.15.jar)
WARNING: If a serviceability tool is in use, please run with -XX:+EnableDynamicAgentLoading to hide this warning
WARNING: If a serviceability tool is not in use, please run with -Djdk.instrument.traceUsage for more information
WARNING: Dynamic loading of agents will be disallowed by default in a future release
thg 4 25, 2025 11:26:48 CH com.ntn.quanlykhoahoc.services.PaymentService getPaymentByTransactionId
INFO: No payment found for transactionId=1
]]></system-err>
  </testcase>
  <testcase name="testIsValidNguoiDung" classname="PaymentTest" time="0.005"/>
  <testcase name="testUpdatePayment_Success" classname="PaymentTest" time="0.014">
    <system-err><![CDATA[thg 4 25, 2025 11:26:48 CH com.ntn.quanlykhoahoc.services.PaymentService updatePayment
INFO: Updated payment: transactionId=1, rowsAffected=1
]]></system-err>
  </testcase>
  <testcase name="testIsValidHocVien" classname="PaymentTest" time="0.004"/>
  <testcase name="testIsValidCourse" classname="PaymentTest" time="0.003"/>
  <testcase name="testGetPaymentByTransactionId_Found" classname="PaymentTest" time="0.009"/>
  <testcase name="testAddToKhoaHocHocVien_DuplicateEntry" classname="PaymentTest" time="0.006">
    <system-err><![CDATA[thg 4 25, 2025 11:26:48 CH com.ntn.quanlykhoahoc.services.PaymentService addToKhoaHocHocVien
WARNING: Bản ghi đã tồn tại trong khoahoc_hocvien: hocVienID=1, khoaHocID=1
]]></system-err>
  </testcase>
  <testcase name="testGetPendingKhoaHocHocVien" classname="PaymentTest" time="0.011"/>
  <testcase name="testUpdateKhoaHocHocVienStatus_InvalidParameters" classname="PaymentTest" time="0.006">
    <system-err><![CDATA[thg 4 25, 2025 11:26:48 CH com.ntn.quanlykhoahoc.services.PaymentService updateKhoaHocHocVienStatus
WARNING: Thông tin không hợp lệ: id=0, trangThai=APPROVED
thg 4 25, 2025 11:26:48 CH com.ntn.quanlykhoahoc.services.PaymentService updateKhoaHocHocVienStatus
WARNING: Thông tin không hợp lệ: id=1, trangThai=null
thg 4 25, 2025 11:26:48 CH com.ntn.quanlykhoahoc.services.PaymentService updateKhoaHocHocVienStatus
WARNING: Thông tin không hợp lệ: id=1, trangThai=INVALID_STATUS
]]></system-err>
  </testcase>
  <testcase name="testGetAllPayments" classname="PaymentTest" time="0.005">
    <system-err><![CDATA[thg 4 25, 2025 11:26:48 CH com.ntn.quanlykhoahoc.services.PaymentService getAllPayments
INFO: Retrieved 2 payment records
]]></system-err>
  </testcase>
  <testcase name="testUpdateKhoaHocHocVienStatus_RejectPayment" classname="PaymentTest" time="0.015">
    <system-err><![CDATA[thg 4 25, 2025 11:26:48 CH com.ntn.quanlykhoahoc.services.PaymentService updateKhoaHocHocVienStatus
INFO: Đã xóa 1 bản ghi lichsu_thanhtoan cho hocVienID=1, khoaHocID=1
thg 4 25, 2025 11:26:48 CH com.ntn.quanlykhoahoc.services.PaymentService notifyStudent
INFO: Đã gửi thông báo đến học viên ID=1: Yêu cầu tham gia khóa học ID=1 của bạn đã được từ chối., rowsAffected=1
thg 4 25, 2025 11:26:48 CH com.ntn.quanlykhoahoc.services.PaymentService updateKhoaHocHocVienStatus
INFO: Cập nhật trạng thái khoahoc_hocvien: id=1, trangThai=REJECTED, rowsAffected=1
]]></system-err>
  </testcase>
  <testcase name="testAddPayment" classname="PaymentTest" time="0.003"/>
  <testcase name="testUpdateKhoaHocHocVienStatus_UpdateFailed" classname="PaymentTest" time="0.004">
    <system-err><![CDATA[thg 4 25, 2025 11:26:48 CH com.ntn.quanlykhoahoc.services.PaymentService updateKhoaHocHocVienStatus
WARNING: Không cập nhật được bản ghi khoahoc_hocvien với id=1
]]></system-err>
  </testcase>
  <testcase name="testUpdateKhoaHocHocVienStatus_Success" classname="PaymentTest" time="0.005">
    <system-err><![CDATA[thg 4 25, 2025 11:26:48 CH com.ntn.quanlykhoahoc.services.PaymentService notifyStudent
INFO: Đã gửi thông báo đến học viên ID=1: Yêu cầu tham gia khóa học ID=1 của bạn đã được duyệt., rowsAffected=1
thg 4 25, 2025 11:26:48 CH com.ntn.quanlykhoahoc.services.PaymentService updateKhoaHocHocVienStatus
INFO: Cập nhật trạng thái khoahoc_hocvien: id=1, trangThai=APPROVED, rowsAffected=1
]]></system-err>
  </testcase>
  <testcase name="testAddToKhoaHocHocVien_Success" classname="PaymentTest" time="0.003"/>
  <testcase name="testDeletePayment_Success" classname="PaymentTest" time="0.005">
    <system-err><![CDATA[thg 4 25, 2025 11:26:48 CH com.ntn.quanlykhoahoc.services.PaymentService deletePayment
INFO: Deleted payment: thanhToanID=1, rowsAffected=1
]]></system-err>
  </testcase>
  <testcase name="testDeletePayment_InvalidId" classname="PaymentTest" time="0.002">
    <system-err><![CDATA[thg 4 25, 2025 11:26:48 CH com.ntn.quanlykhoahoc.services.PaymentService deletePayment
WARNING: Invalid thanhToanID format: abc
]]></system-err>
  </testcase>
  <testcase name="testUpdateKhoaHocHocVienStatus_RecordNotFound" classname="PaymentTest" time="0.003">
    <system-err><![CDATA[thg 4 25, 2025 11:26:48 CH com.ntn.quanlykhoahoc.services.PaymentService updateKhoaHocHocVienStatus
WARNING: Không tìm thấy bản ghi khoahoc_hocvien với id=999
]]></system-err>
  </testcase>
  <testcase name="testNotifyAdmin" classname="PaymentTest" time="0.005">
    <system-err><![CDATA[thg 4 25, 2025 11:26:48 CH com.ntn.quanlykhoahoc.services.PaymentService notifyAdmin
INFO: Đã chèn thông báo cho admin: Học viên Nguyen Van A (ID=1) đã thanh toán cho khóa học Java Programming (ID=1, ThanhToanID=123). Vui lòng xét duyệt., rowsAffected=1
]]></system-err>
  </testcase>
  <testcase name="testUpdatePayment_InvalidParameters" classname="PaymentTest" time="0.003">
    <system-err><![CDATA[thg 4 25, 2025 11:26:48 CH com.ntn.quanlykhoahoc.services.PaymentService updatePayment
WARNING: Invalid update details: transactionId=0
thg 4 25, 2025 11:26:48 CH com.ntn.quanlykhoahoc.services.PaymentService updatePayment
WARNING: Invalid update details: transactionId=1
thg 4 25, 2025 11:26:48 CH com.ntn.quanlykhoahoc.services.PaymentService updatePayment
WARNING: Invalid update details: transactionId=1
thg 4 25, 2025 11:26:48 CH com.ntn.quanlykhoahoc.services.PaymentService updatePayment
WARNING: Invalid update details: transactionId=1
thg 4 25, 2025 11:26:48 CH com.ntn.quanlykhoahoc.services.PaymentService updatePayment
WARNING: Invalid update details: transactionId=1
]]></system-err>
  </testcase>
</testsuite>